[    0.000000] Initializing cgroup subsys cpuset
[    0.000000] Initializing cgroup subsys cpu
[    0.000000] Initializing cgroup subsys cpuacct
[    0.000000] Linux version 4.4.0-104-generic (buildd@lgw01-amd64-022) (gcc version 5.4.0 20160609 (Ubuntu 5.4.0-6ubuntu1~16.04.5) ) #127-Ubuntu SMP Mon Dec 11 12:16:42 UTC 2017 (Ubuntu 4.4.0-104.127-generic 4.4.98)
[    0.000000] Command line: BOOT_IMAGE=/boot/vmlinuz-4.4.0-104-generic root=UUID=ee8827e1-8636-41fb-9829-982477f6eec9 ro console=tty1 console=ttyS0
[    0.000000] KERNEL supported cpus:
[    0.000000]   Intel GenuineIntel
[    0.000000]   AMD AuthenticAMD
[    0.000000]   Centaur CentaurHauls
[    0.000000] x86/fpu: xstate_offset[2]:  576, xstate_sizes[2]:  256
[    0.000000] x86/fpu: Supporting XSAVE feature 0x01: 'x87 floating point registers'
[    0.000000] x86/fpu: Supporting XSAVE feature 0x02: 'SSE registers'
[    0.000000] x86/fpu: Supporting XSAVE feature 0x04: 'AVX registers'
[    0.000000] x86/fpu: Enabled xstate features 0x7, context size is 832 bytes, using 'standard' format.
[    0.000000] x86/fpu: Using 'lazy' FPU context switches.
[    0.000000] e820: BIOS-provided physical RAM map:
[    0.000000] BIOS-e820: [mem 0x0000000000000000-0x000000000009fbff] usable
[    0.000000] BIOS-e820: [mem 0x000000000009fc00-0x000000000009ffff] reserved
[    0.000000] BIOS-e820: [mem 0x00000000000f0000-0x00000000000fffff] reserved
[    0.000000] BIOS-e820: [mem 0x0000000000100000-0x000000003ffeffff] usable
[    0.000000] BIOS-e820: [mem 0x000000003fff0000-0x000000003fffffff] ACPI data
[    0.000000] BIOS-e820: [mem 0x00000000fec00000-0x00000000fec00fff] reserved
[    0.000000] BIOS-e820: [mem 0x00000000fee00000-0x00000000fee00fff] reserved
[    0.000000] BIOS-e820: [mem 0x00000000fffc0000-0x00000000ffffffff] reserved
[    0.000000] NX (Execute Disable) protection: active
[    0.000000] SMBIOS 2.5 present.
[    0.000000] Hypervisor detected: KVM
[    0.000000] e820: last_pfn = 0x3fff0 max_arch_pfn = 0x400000000
[    0.000000] MTRR: Disabled
[    0.000000] x86/PAT: MTRRs disabled, skipping PAT initialization too.
[    0.000000] CPU MTRRs all blank - virtualized system.
[    0.000000] x86/PAT: Configuration [0-7]: WB  WT  UC- UC  WB  WT  UC- UC  
[    0.000000] found SMP MP-table at [mem 0x0009fff0-0x0009ffff] mapped at [ffff88000009fff0]
[    0.000000] Scanning 1 areas for low memory corruption
[    0.000000] RAMDISK: [mem 0x36234000-0x37111fff]
[    0.000000] ACPI: Early table checksum verification disabled
[    0.000000] ACPI: RSDP 0x00000000000E0000 000024 (v02 VBOX  )
[    0.000000] ACPI: XSDT 0x000000003FFF0030 00003C (v01 VBOX   VBOXXSDT 00000001 ASL  00000061)
[    0.000000] ACPI: FACP 0x000000003FFF00F0 0000F4 (v04 VBOX   VBOXFACP 00000001 ASL  00000061)
[    0.000000] ACPI: DSDT 0x000000003FFF0470 0021C8 (v02 VBOX   VBOXBIOS 00000002 INTL 20100528)
[    0.000000] ACPI: FACS 0x000000003FFF0200 000040
[    0.000000] ACPI: FACS 0x000000003FFF0200 000040
[    0.000000] ACPI: APIC 0x000000003FFF0240 00005C (v02 VBOX   VBOXAPIC 00000001 ASL  00000061)
[    0.000000] ACPI: SSDT 0x000000003FFF02A0 0001CC (v01 VBOX   VBOXCPUT 00000002 INTL 20100528)
[    0.000000] No NUMA configuration found
[    0.000000] Faking a node at [mem 0x0000000000000000-0x000000003ffeffff]
[    0.000000] NODE_DATA(0) allocated [mem 0x3ffeb000-0x3ffeffff]
[    0.000000] kvm-clock: Using msrs 4b564d01 and 4b564d00
[    0.000000] kvm-clock: cpu 0, msr 0:3ffe3001, primary cpu clock
[    0.000000] kvm-clock: using sched offset of 4226142682 cycles
[    0.000000] clocksource: kvm-clock: mask: 0xffffffffffffffff max_cycles: 0x1cd42e4dffb, max_idle_ns: 881590591483 ns
[    0.000000] Zone ranges:
[    0.000000]   DMA      [mem 0x0000000000001000-0x0000000000ffffff]
[    0.000000]   DMA32    [mem 0x0000000001000000-0x000000003ffeffff]
[    0.000000]   Normal   empty
[    0.000000]   Device   empty
[    0.000000] Movable zone start for each node
[    0.000000] Early memory node ranges
[    0.000000]   node   0: [mem 0x0000000000001000-0x000000000009efff]
[    0.000000]   node   0: [mem 0x0000000000100000-0x000000003ffeffff]
[    0.000000] Initmem setup node 0 [mem 0x0000000000001000-0x000000003ffeffff]
[    0.000000] ACPI: PM-Timer IO Port: 0x4008
[    0.000000] IOAPIC[0]: apic_id 2, version 32, address 0xfec00000, GSI 0-23
[    0.000000] ACPI: INT_SRC_OVR (bus 0 bus_irq 0 global_irq 2 dfl dfl)
[    0.000000] ACPI: INT_SRC_OVR (bus 0 bus_irq 9 global_irq 9 high level)
[    0.000000] Using ACPI (MADT) for SMP configuration information
[    0.000000] smpboot: Allowing 2 CPUs, 0 hotplug CPUs
[    0.000000] PM: Registered nosave memory: [mem 0x00000000-0x00000fff]
[    0.000000] PM: Registered nosave memory: [mem 0x0009f000-0x0009ffff]
[    0.000000] PM: Registered nosave memory: [mem 0x000a0000-0x000effff]
[    0.000000] PM: Registered nosave memory: [mem 0x000f0000-0x000fffff]
[    0.000000] e820: [mem 0x40000000-0xfebfffff] available for PCI devices
[    0.000000] Booting paravirtualized kernel on KVM
[    0.000000] clocksource: refined-jiffies: mask: 0xffffffff max_cycles: 0xffffffff, max_idle_ns: 7645519600211568 ns
[    0.000000] setup_percpu: NR_CPUS:512 nr_cpumask_bits:512 nr_cpu_ids:2 nr_node_ids:1
[    0.000000] PERCPU: Embedded 33 pages/cpu @ffff88003fc00000 s98200 r8192 d28776 u1048576
[    0.000000] PV qspinlock hash table entries: 256 (order: 0, 4096 bytes)
[    0.000000] Built 1 zonelists in Node order, mobility grouping on.  Total pages: 257913
[    0.000000] Policy zone: DMA32
[    0.000000] Kernel command line: BOOT_IMAGE=/boot/vmlinuz-4.4.0-104-generic root=UUID=ee8827e1-8636-41fb-9829-982477f6eec9 ro console=tty1 console=ttyS0
[    0.000000] PID hash table entries: 4096 (order: 3, 32768 bytes)
[    0.000000] Memory: 997348K/1048120K available (8485K kernel code, 1295K rwdata, 3988K rodata, 1492K init, 1316K bss, 50772K reserved, 0K cma-reserved)
[    0.000000] SLUB: HWalign=64, Order=0-3, MinObjects=0, CPUs=2, Nodes=1
[    0.000000] Hierarchical RCU implementation.
[    0.000000] 	Build-time adjustment of leaf fanout to 64.
[    0.000000] 	RCU restricting CPUs from NR_CPUS=512 to nr_cpu_ids=2.
[    0.000000] RCU: Adjusting geometry for rcu_fanout_leaf=64, nr_cpu_ids=2
[    0.000000] NR_IRQS:33024 nr_irqs:440 16
[    0.000000] Console: colour VGA+ 80x25
[    0.000000] console [tty1] enabled
[    0.000000] console [ttyS0] enabled
[    0.000000] tsc: Detected 2495.316 MHz processor
[    0.000000] tsc: Marking TSC unstable due to TSCs unsynchronized
[    0.008000] Calibrating delay loop (skipped) preset value.. 4990.63 BogoMIPS (lpj=9981264)
[    0.009026] pid_max: default: 32768 minimum: 301
[    0.012018] ACPI: Core revision 20150930
[    0.014070] ACPI: 2 ACPI AML tables successfully acquired and loaded
[    0.016368] Security Framework initialized
[    0.020004] Yama: becoming mindful.
[    0.020955] AppArmor: AppArmor initialized
[    0.022592] Dentry cache hash table entries: 131072 (order: 8, 1048576 bytes)
[    0.024301] Inode-cache hash table entries: 65536 (order: 7, 524288 bytes)
[    0.036107] Mount-cache hash table entries: 2048 (order: 2, 16384 bytes)
[    0.040026] Mountpoint-cache hash table entries: 2048 (order: 2, 16384 bytes)
[    0.044261] Initializing cgroup subsys io
[    0.048022] Initializing cgroup subsys memory
[    0.052033] Initializing cgroup subsys devices
[    0.056021] Initializing cgroup subsys freezer
[    0.060024] Initializing cgroup subsys net_cls
[    0.064023] Initializing cgroup subsys perf_event
[    0.068023] Initializing cgroup subsys net_prio
[    0.076014] Initializing cgroup subsys hugetlb
[    0.080021] Initializing cgroup subsys pids
[    0.084188] CPU: Physical Processor ID: 0
[    0.088012] CPU: Processor Core ID: 0
[    0.158647] mce: CPU supports 0 MCE banks
[    0.160046] Last level iTLB entries: 4KB 512, 2MB 1024, 4MB 512
[    0.164013] Last level dTLB entries: 4KB 1024, 2MB 1024, 4MB 512, 1GB 0
[    0.172376] Freeing SMP alternatives memory: 32K
[    0.194069] ftrace: allocating 32158 entries in 126 pages
[    0.208132] smpboot: APIC(0) Converting physical 0 to logical package 0
[    0.212015] smpboot: Max logical packages: 1
[    0.216467] x2apic enabled
[    0.220013] Switched APIC routing to physical x2apic.
[    0.228949] ..TIMER: vector=0x30 apic1=0 pin1=2 apic2=-1 pin2=-1
[    0.236000] smpboot: CPU0: AMD A12-9700P RADEON R7, 10 COMPUTE CORES 4C+6G (family: 0x15, model: 0x65, stepping: 0x1)
[    0.245161] Performance Events: Broken PMU hardware detected, using software events only.
[    0.248012] Failed to access perfctr msr (MSR c0010007 is 0)
[    0.252068] KVM setup paravirtual spinlock
[    0.260245] x86: Booting SMP configuration:
[    0.264012] .... node  #0, CPUs:      #1
[    0.008000] kvm-clock: cpu 1, msr 0:3ffe3041, secondary cpu clock
[    0.008000] mce: CPU supports 0 MCE banks
[    0.361772] x86: Booted up 1 node, 2 CPUs
[    0.364014] smpboot: Total of 2 processors activated (9981.26 BogoMIPS)
[    0.368489] devtmpfs: initialized
[    0.374590] evm: security.selinux
[    0.376006] evm: security.SMACK64
[    0.377239] evm: security.SMACK64EXEC
[    0.380002] evm: security.SMACK64TRANSMUTE
[    0.381276] evm: security.SMACK64MMAP
[    0.416011] evm: security.ima
[    0.416011] evm: security.capability
[    0.432000] clocksource: jiffies: mask: 0xffffffff max_cycles: 0xffffffff, max_idle_ns: 7645041785100000 ns
[    0.444042] futex hash table entries: 512 (order: 3, 32768 bytes)
[    0.464396] pinctrl core: initialized pinctrl subsystem
[    0.488294] RTC time: 16:49:23, date: 01/08/18
[    0.492844] NET: Registered protocol family 16
[    0.524026] cpuidle: using governor ladder
[    0.540038] cpuidle: using governor menu
[    0.544155] PCCT header not found.
[    0.548596] ACPI: bus type PCI registered
[    0.552026] acpiphp: ACPI Hot Plug PCI Controller Driver version: 0.5
[    0.556239] PCI: Using configuration type 1 for base access
[    0.560007] PCI: Using configuration type 1 for extended access
[    0.580160] ACPI: Added _OSI(Module Device)
[    0.616036] ACPI: Added _OSI(Processor Device)
[    0.640022] ACPI: Added _OSI(3.0 _SCP Extensions)
[    0.660014] ACPI: Added _OSI(Processor Aggregator Device)
[    0.668990] ACPI: Executed 1 blocks of module-level executable AML code
[    0.762438] ACPI: Interpreter enabled
[    0.772044] ACPI: (supports S0 S5)
[    0.828012] ACPI: Using IOAPIC for interrupt routing
[    0.860044] PCI: Using host bridge windows from ACPI; if necessary, use "pci=nocrs" and report a bug
[    0.904277] ACPI: PCI Root Bridge [PCI0] (domain 0000 [bus 00-ff])
[    0.920054] acpi PNP0A03:00: _OSC: OS supports [ExtendedConfig ASPM ClockPM Segments MSI]
[    0.984030] acpi PNP0A03:00: _OSC failed (AE_NOT_FOUND); disabling ASPM
[    1.040406] PCI host bridge to bus 0000:00
[    1.092014] pci_bus 0000:00: root bus resource [io  0x0000-0x0cf7 window]
[    1.096014] pci_bus 0000:00: root bus resource [io  0x0d00-0xffff window]
[    1.128017] pci_bus 0000:00: root bus resource [mem 0x000a0000-0x000bffff window]
[    1.132014] pci_bus 0000:00: root bus resource [mem 0x40000000-0xffdfffff window]
[    1.164015] pci_bus 0000:00: root bus resource [bus 00-ff]
[    1.172547] pci 0000:00:01.1: legacy IDE quirk: reg 0x10: [io  0x01f0-0x01f7]
[    1.175145] pci 0000:00:01.1: legacy IDE quirk: reg 0x14: [io  0x03f6]
[    1.180034] pci 0000:00:01.1: legacy IDE quirk: reg 0x18: [io  0x0170-0x0177]
[    1.184014] pci 0000:00:01.1: legacy IDE quirk: reg 0x1c: [io  0x0376]
[    1.233919] pci 0000:00:07.0: quirk: [io  0x4000-0x403f] claimed by PIIX4 ACPI
[    1.248010] pci 0000:00:07.0: quirk: [io  0x4100-0x410f] claimed by PIIX4 SMB
[    1.289548] ACPI: PCI Interrupt Link [LNKA] (IRQs 5 9 10 *11)
[    1.341136] ACPI: PCI Interrupt Link [LNKB] (IRQs 5 9 10 *11)
[    1.344863] ACPI: PCI Interrupt Link [LNKC] (IRQs 5 9 *10 11)
[    1.360775] ACPI: PCI Interrupt Link [LNKD] (IRQs 5 *9 10 11)
[    1.424987] ACPI: Enabled 2 GPEs in block 00 to 07
[    1.436195] vgaarb: setting as boot device: PCI:0000:00:02.0
[    1.439266] vgaarb: device added: PCI:0000:00:02.0,decodes=io+mem,owns=io+mem,locks=none
[    1.496021] vgaarb: loaded
[    1.512012] vgaarb: bridge control possible 0000:00:02.0
[    1.514038] SCSI subsystem initialized
[    1.516087] ACPI: bus type USB registered
[    1.524054] usbcore: registered new interface driver usbfs
[    1.525780] usbcore: registered new interface driver hub
[    1.608066] usbcore: registered new device driver usb
[    1.612109] PCI: Using ACPI for IRQ routing
[    1.612602] NetLabel: Initializing
[    1.644014] NetLabel:  domain hash size = 128
[    1.645432] NetLabel:  protocols = UNLABELED CIPSOv4
[    1.708033] NetLabel:  unlabeled traffic allowed by default
[    1.720097] amd_nb: Cannot enumerate AMD northbridges
[    1.744146] clocksource: Switched to clocksource kvm-clock
[    1.788465] AppArmor: AppArmor Filesystem Enabled
[    1.806157] pnp: PnP ACPI init
[    1.808379] pnp: PnP ACPI: found 3 devices
[    1.822949] clocksource: acpi_pm: mask: 0xffffff max_cycles: 0xffffff, max_idle_ns: 2085701024 ns
[    1.899230] NET: Registered protocol family 2
[    1.909744] TCP established hash table entries: 8192 (order: 4, 65536 bytes)
[    1.922547] TCP bind hash table entries: 8192 (order: 5, 131072 bytes)
[    1.925649] TCP: Hash tables configured (established 8192 bind 8192)
[    1.927610] UDP hash table entries: 512 (order: 2, 16384 bytes)
[    1.937740] UDP-Lite hash table entries: 512 (order: 2, 16384 bytes)
[    1.939785] NET: Registered protocol family 1
[    1.943864] pci 0000:00:00.0: Limiting direct PCI/PCI transfers
[    1.945804] pci 0000:00:01.0: Activating ISA DMA hang workarounds
[    1.953329] Unpacking initramfs...
[    2.793957] Freeing initrd memory: 15224K
[    2.820585] clocksource: tsc: mask: 0xffffffffffffffff max_cycles: 0x23f7f0c3500, max_idle_ns: 440795233980 ns
[    2.858418] platform rtc_cmos: registered platform RTC device (no PNP device found)
[    2.932356] Scanning for low memory corruption every 60 seconds
[    2.974127] audit: initializing netlink subsys (disabled)
[    2.995445] audit: type=2000 audit(1515430170.291:1): initialized
[    3.024515] Initialise system trusted keyring
[    3.033032] HugeTLB registered 2 MB page size, pre-allocated 0 pages
[    3.086416] zbud: loaded
[    3.145004] VFS: Disk quotas dquot_6.6.0
[    3.207970] VFS: Dquot-cache hash table entries: 512 (order 0, 4096 bytes)
[    3.230878] squashfs: version 4.0 (2009/01/31) Phillip Lougher
[    3.246394] fuse init (API version 7.23)
[    3.281199] Key type big_key registered
[    3.303531] Allocating IMA MOK and blacklist keyrings.
[    3.366710] Key type asymmetric registered
[    3.412947] Asymmetric key parser 'x509' registered
[    3.425089] Block layer SCSI generic (bsg) driver version 0.4 loaded (major 249)
[    3.435156] io scheduler noop registered
[    3.436931] io scheduler deadline registered (default)
[    3.440347] io scheduler cfq registered
[    3.442344] pci_hotplug: PCI Hot Plug PCI Core version: 0.5
[    3.476107] pciehp: PCI Express Hot Plug Controller Driver version: 0.4
[    3.504692] ACPI: AC Adapter [AC] (on-line)
[    3.520270] input: Power Button as /devices/LNXSYSTM:00/LNXPWRBN:00/input/input0
[    3.568415] ACPI: Power Button [PWRF]
[    3.576784] input: Sleep Button as /devices/LNXSYSTM:00/LNXSLPBN:00/input/input1
[    3.648102] ACPI: Sleep Button [SLPF]
[    3.657429] ACPI: Battery Slot [BAT0] (battery present)
[    3.703905] GHES: HEST is not enabled!
[    3.762256] Serial: 8250/16550 driver, 32 ports, IRQ sharing enabled
[    3.884782] 00:02: ttyS0 at I/O 0x3f8 (irq = 4, base_baud = 115200) is a 16550A
[    3.960078] Linux agpgart interface v0.103
[    3.995424] loop: module loaded
[    4.005545] scsi host0: ata_piix
[    4.017122] scsi host1: ata_piix
[    4.064906] ata1: PATA max UDMA/33 cmd 0x1f0 ctl 0x3f6 bmdma 0xd000 irq 14
[    4.124589] ata2: PATA max UDMA/33 cmd 0x170 ctl 0x376 bmdma 0xd008 irq 15
[    4.156277] libphy: Fixed MDIO Bus: probed
[    4.172223] tun: Universal TUN/TAP device driver, 1.6
[    4.210309] tun: (C) 1999-2004 Max Krasnyansky <maxk@qualcomm.com>
[    4.272133] PPP generic driver version 2.4.2
[    4.305502] ehci_hcd: USB 2.0 'Enhanced' Host Controller (EHCI) Driver
[    4.428891] ehci-pci: EHCI PCI platform driver
[    4.445742] ehci-platform: EHCI generic platform driver
[    4.522123] ohci_hcd: USB 1.1 'Open' Host Controller (OHCI) Driver
[    4.523854] ohci-pci: OHCI PCI platform driver
[    4.600798] ohci-platform: OHCI generic platform driver
[    4.625032] uhci_hcd: USB Universal Host Controller Interface driver
[    4.684270] i8042: PNP: PS/2 Controller [PNP0303:PS2K,PNP0f03:PS2M] at 0x60,0x64 irq 1,12
[    4.805869] serio: i8042 KBD port at 0x60,0x64 irq 1
[    4.840913] serio: i8042 AUX port at 0x60,0x64 irq 12
[    4.846633] mousedev: PS/2 mouse device common for all mice
[    4.854941] input: AT Translated Set 2 keyboard as /devices/platform/i8042/serio0/input/input2
[    4.860873] rtc_cmos rtc_cmos: rtc core: registered rtc_cmos as rtc0
[    4.860987] rtc_cmos rtc_cmos: alarms up to one day, 114 bytes nvram
[    4.860996] i2c /dev entries driver
[    4.861066] device-mapper: uevent: version 1.0.3
[    4.861135] device-mapper: ioctl: 4.34.0-ioctl (2015-10-28) initialised: dm-devel@redhat.com
[    4.861173] ledtrig-cpu: registered to indicate activity on CPUs
[    4.861557] NET: Registered protocol family 10
[    4.861871] NET: Registered protocol family 17
[    4.861932] Key type dns_resolver registered
[    4.861807] microcode: CPU0: patch_level=0x06000626
[    4.865866] microcode: CPU1: patch_level=0x06000626
[    4.865943] microcode: Microcode Update Driver: v2.01 <tigran@aivazian.fsnet.co.uk>, Peter Oruba
[    4.866124] registered taskstats version 1
[    4.866141] Loading compiled-in X.509 certificates
[    4.867254] Loaded X.509 cert 'Build time autogenerated kernel key: 8537ad706776f532219d7336343c968b9f82f7c7'
[    4.867280] zswap: loaded using pool lzo/zbud
[    4.870061] Key type trusted registered
[    4.875181] Key type encrypted registered
[    4.875192] AppArmor: AppArmor sha1 policy hashing enabled
[    4.875196] ima: No TPM chip found, activating TPM-bypass!
[    4.875297] evm: HMAC attrs: 0x1
[    4.875902]   Magic number: 2:55:843
[    4.877467] rtc_cmos rtc_cmos: setting system clock to 2018-01-08 16:49:28 UTC (1515430168)
[    4.877597] BIOS EDD facility v0.16 2004-Jun-25, 0 devices found
[    4.877598] EDD information not available.
[    5.646854] Freeing unused kernel memory: 1492K
[    5.704570] Write protecting the kernel read-only data: 14336k
[    5.753816] Freeing unused kernel memory: 1744K
[    5.842101] Freeing unused kernel memory: 108K
Loading, please wait...
starting version[    5.945648] random: systemd-udevd: uninitialized urandom read (16 bytes read, 4 bits of entropy available)
 229
[    5.947031] random: udevadm: uninitialized urandom read (16 bytes read, 4 bits of entropy available)
[    5.947106] random: udevadm: uninitialized urandom read (16 bytes read, 4 bits of entropy available)
[    5.960326] random: udevadm: uninitialized urandom read (16 bytes read, 4 bits of entropy available)
[    5.960451] random: udevadm: uninitialized urandom read (16 bytes read, 4 bits of entropy available)
[    5.960846] random: udevadm: uninitialized urandom read (16 bytes read, 4 bits of entropy available)
[    5.960956] random: udevadm: uninitialized urandom read (16 bytes read, 4 bits of entropy available)
[    5.961062] random: udevadm: uninitialized urandom read (16 bytes read, 4 bits of entropy available)
[    5.961211] random: udevadm: uninitialized urandom read (16 bytes read, 4 bits of entropy available)
[    5.961317] random: udevadm: uninitialized urandom read (16 bytes read, 4 bits of entropy available)
[    6.352966] e1000: Intel(R) PRO/1000 Network Driver - version 7.3.21-k8-NAPI
[    6.426058] e1000: Copyright (c) 1999-2006 Intel Corporation.
[    6.438642] Fusion MPT base driver 3.04.20
[    6.467757] Copyright (c) 1999-2008 LSI Corporation
[    6.552702] Fusion MPT SPI Host driver 3.04.20
[    6.552754] AVX version of gcm_enc/dec engaged.
[    6.552754] AES CTR mode by8 optimization enabled
[    6.746602] input: ImExPS/2 Generic Explorer Mouse as /devices/platform/i8042/serio1/input/input4
[    7.079984] e1000 0000:00:03.0 eth0: (PCI:33MHz:32-bit) 02:53:17:3c:de:80
[    7.141510] e1000 0000:00:03.0 eth0: Intel(R) PRO/1000 Network Connection
[    7.662465] e1000 0000:00:08.0 eth1: (PCI:33MHz:32-bit) 08:00:27:e6:05:71
[    7.678022] e1000 0000:00:08.0 eth1: Intel(R) PRO/1000 Network Connection
[    7.714678] mptbase: ioc0: Initiating bringup
[    7.716452] e1000 0000:00:03.0 enp0s3: renamed from eth0
[    7.857044] e1000 0000:00:08.0 enp0s8: renamed from eth1
[    7.908674] ioc0: LSI53C1030 A0: Capabilities={Initiator}
[    8.074908] scsi host2: ioc0: LSI53C1030 A0, FwRev=00000000h, Ports=1, MaxQ=256, IRQ=20
[    8.341510] scsi 2:0:0:0: Direct-Access     VBOX     HARDDISK         1.0  PQ: 0 ANSI: 5
[    8.403178] scsi target2:0:0: Beginning Domain Validation
[    8.448561] scsi target2:0:0: Domain Validation skipping write tests
[    8.489548] scsi target2:0:0: Ending Domain Validation
[    8.565052] scsi target2:0:0: asynchronous
[    8.601568] scsi 2:0:1:0: Direct-Access     VBOX     HARDDISK         1.0  PQ: 0 ANSI: 5
[    8.639171] scsi target2:0:1: Beginning Domain Validation
[    8.675710] scsi target2:0:1: Domain Validation skipping write tests
[    8.731428] scsi target2:0:1: Ending Domain Validation
[    8.759184] scsi target2:0:1: asynchronous
[    8.786016] sd 2:0:0:0: Attached scsi generic sg0 type 0
[    8.786224] sd 2:0:0:0: [sda] 20971520 512-byte logical blocks: (10.7 GB/10.0 GiB)
[    8.860207] sd 2:0:0:0: [sda] Write Protect is off
[    8.867331] sd 2:0:1:0: Attached scsi generic sg1 type 0
[    8.867689] sd 2:0:1:0: [sdb] 20480 512-byte logical blocks: (10.5 MB/10.0 MiB)
[    8.868004] sd 2:0:1:0: [sdb] Write Protect is off
[    8.868205] sd 2:0:1:0: [sdb] Incomplete mode parameter data
[    8.868207] sd 2:0:1:0: [sdb] Assuming drive cache: write through
[    8.897471] sd 2:0:1:0: [sdb] Attached SCSI disk
[    9.202166] sd 2:0:0:0: [sda] Incomplete mode parameter data
[    9.229735] sd 2:0:0:0: [sda] Assuming drive cache: write through
[    9.274282]  sda: sda1
[    9.293271] sd 2:0:0:0: [sda] Attached SCSI disk
[    9.545047] floppy0: no floppy controllers found
Begin: Loading e[   11.204111] md: linear personality registered for level -1
ssential drivers[   11.253605] md: multipath personality registered for level -4
 ... [   11.280957] md: raid0 personality registered for level 0
[   11.300400] md: raid1 personality registered for level 1
[   11.384043] raid6: sse2x1   gen()  5474 MB/s
[   11.508455] raid6: sse2x1   xor()  3790 MB/s
[   11.588055] raid6: sse2x2   gen()  7246 MB/s
[   11.700137] raid6: sse2x2   xor()  5355 MB/s
[   11.788443] raid6: sse2x4   gen()  5421 MB/s
[   11.884892] raid6: sse2x4   xor()  3434 MB/s
[   11.893511] raid6: using algorithm sse2x2 gen() 7246 MB/s
[   11.902105] raid6: .... xor() 5355 MB/s, rmw enabled
[   11.948749] raid6: using ssse3x2 recovery algorithm
[   11.976602] xor: automatically using best checksumming function:
[   12.057690]    avx       : 10232.000 MB/sec
[   12.066904] async_tx: api initialized (async)
[   12.123094] md: raid6 personality registered for level 6
[   12.133178] md: raid5 personality registered for level 5
[   12.141678] md: raid4 personality registered for level 4
[   12.152842] md: raid10 personality registered for level 10
done.
Begin: Running /scripts/init-premount ... done.
Begin: Mounting root file system ... Begin: Running /scripts/local-top ... done.
Begin: Running /scripts/local-premount ... [   12.224175] Btrfs loaded
Scanning for Btrfs filesystems
done.
Warning: fsck not present, so sk[   12.307182] EXT4-fs (sda1): mounted filesystem with ordered data mode. Opts: (null)
ipping root file system
done.
Begin: Running /scripts/local-bottom ... done.
Begin: Running /scripts/init-bottom ... done.
[   12.913093] systemd[1]: systemd 229 running in system mode. (+PAM +AUDIT +SELINUX +IMA +APPARMOR +SMACK +SYSVINIT +UTMP +LIBCRYPTSETUP +GCRYPT +GNUTLS +ACL +XZ -LZ4 +SECCOMP +BLKID +ELFUTILS +KMOD -IDN)
[   12.939532] systemd[1]: Detected virtualization oracle.
[   12.957400] systemd[1]: Detected architecture x86-64.

Welcome to [1mUbuntu 16.04.3 LTS[0m!

[   13.019541] systemd[1]: Set hostname to <ubuntu-xenial>.
[   13.122029] random: nonblocking pool is initialized
[   13.919933] systemd[1]: Listening on Journal Audit Socket.
[[0;32m  OK  [0m] Listening on Journal Audit Socket.
[   13.990637] systemd[1]: Listening on udev Control Socket.
[[0;32m  OK  [0m] Listening on udev Control Socket.
[   14.041866] systemd[1]: Reached target Swap.
[[0;32m  OK  [0m] Reached target Swap.
[   14.121155] systemd[1]: Listening on LVM2 metadata daemon socket.
[[0;32m  OK  [0m] Listening on LVM2 metadata daemon socket.
[   14.185100] systemd[1]: Created slice System Slice.
[[0;32m  OK  [0m] Created slice System Slice.
[   14.361800] systemd[1]: Created slice system-serial\x2dgetty.slice.
[[0;32m  OK  [0m] Created slice system-serial\x2dgetty.slice.
[   14.460320] systemd[1]: Listening on udev Kernel Socket.
[[0;32m  OK  [0m] Listening on udev Kernel Socket.
[   14.549345] systemd[1]: Started Trigger resolvconf update for networkd DNS.
[[0;32m  OK  [0m] Started Trigger resolvconf update for networkd DNS.
[   14.624946] systemd[1]: Reached target Encrypted Volumes.
[[0;32m  OK  [0m] Reached target Encrypted Volumes.
[   14.665665] systemd[1]: Set up automount Arbitrary Executable File Formats File System Automount Point.
[[0;32m  OK  [0m] Set up automount Arbitrary Executab...ats File System Automount Point.
[   14.737104] systemd[1]: Listening on Journal Socket (/dev/log).
[[0;32m  OK  [0m] Listening on Journal Socket (/dev/log).
[   14.792716] systemd[1]: Listening on LVM2 poll daemon socket.
[[0;32m  OK  [0m] Listening on LVM2 poll daemon socket.
[   14.929522] systemd[1]: Started Forward Password Requests to Wall Directory Watch.
[[0;32m  OK  [0m] Started Forward Password Requests to Wall Directory Watch.
[   14.980760] systemd[1]: Listening on /dev/initctl Compatibility Named Pipe.
[[0;32m  OK  [0m] Listening on /dev/initctl Compatibility Named Pipe.
[   15.052595] systemd[1]: Reached target User and Group Name Lookups.
[[0;32m  OK  [0m] Reached target User and Group Name Lookups.
[   15.107434] systemd[1]: Listening on Device-mapper event daemon FIFOs.
[[0;32m  OK  [0m] Listening on Device-mapper event daemon FIFOs.
[   15.157272] systemd[1]: Listening on Journal Socket.
[[0;32m  OK  [0m] Listening on Journal Socket.
[   15.189234] systemd[1]: Starting Set console keymap...
         Starting Set console keymap...
[   15.213974] systemd[1]: Starting Remount Root and Kernel File Systems...
         Starting Remount Root and Kernel File Systems...
[   15.291272] EXT4-fs (sda1): re-mounted. Opts: (null)
[   15.336776] systemd[1]: Starting Load Kernel Modules...
         Starting Load Kernel Modules...
[   15.468457] systemd[1]: Mounting POSIX Message Queue File System...
         Mountin[   15.554553] Loading iSCSI transport class v2.0-870.
g POSIX Message Queue File System...
[   15.666914] iscsi: registered transport (tcp)
[   15.669028] systemd[1]: Starting Nameserver information manager...
         Starting Nameserver information manager...
[   15.717040] systemd[1]: Mounting Debug File System...
         Mounting Debug File System...
[   15.742541] systemd[1]: Starting Monitoring of LVM2 mirrors, snapshots etc. using dmeventd or progress polling...
         Starting Monitoring of LVM2 mirrors... dmeventd or progress polling...
[   15.789243] iscsi: registered transport (iser)
[   15.816732] systemd[1]: Mounting Huge Pages File System...
         Mounting Huge Pages File System...
[   15.916438] systemd[1]: Starting Uncomplicated firewall...
         Starting Uncomplicated firewall...
[   15.965213] systemd[1]: Starting Create list of required static device nodes for the current kernel...
         Starting Create list of required st... nodes for the current kernel...
[   16.128940] systemd[1]: Listening on Syslog Socket.
[[0;32m  OK  [0m] Listening on Syslog Socket.
[   16.209321] systemd[1]: Starting Journal Service...
         Starting Journal Service...
[   16.237033] systemd[1]: Created slice User and Session Slice.
[[0;32m  OK  [0m] Created slice User and Session Slice.
[   16.344326] systemd[1]: Reached target Slices.
[[0;32m  OK  [0m] Reached target Slices.
[   16.398482] systemd[1]: Mounted Huge Pages File System.
[[0;32m  OK  [0m] Mounted Huge Pages File System.
[   16.420439] systemd[1]: Mounted Debug File System.
[[0;32m  OK  [0m] Mounted Debug File System.
[   16.480364] systemd[1]: Mounted POSIX Message Queue File System.
[[0;32m  OK  [0m] Mounted POSIX Message Queue File System.
[   16.515014] systemd[1]: Started Journal Service.
[[0;32m  OK  [0m] Started Journal Service.
[[0;32m  OK  [0m] Started Set console keymap.
[[0;32m  OK  [0m] Started Remount Root and Kernel File Systems.
[[0;32m  OK  [0m] Started Load Kernel Modules.
[[0;32m  OK  [0m] Started Uncomplicated firewall.
[[0;32m  OK  [0m] Started Create list of required sta...ce nodes for the current kernel.
[[0;32m  OK  [0m] Started Nameserver information manager.
[[0;32m  OK  [0m] Started LVM2 metadata daemon.
         Starting Create Static Device Nodes in /dev...
         Starting Apply Kernel Variables...
         Mounting FUSE Control File System...
         Starting Load/Save Random Seed...
         Starting udev Coldplug all Devices...
         Starting Initial cloud-init job (pre-networking)...
         Starting Flush Journal to Persistent Storage...
[[0;32m  OK  [0m] Mounted FUSE Control File System.
[[0;32m  OK  [0m] Started Create Static Device Nodes in /dev.
[[0;32m  OK  [0m] Started Apply Kernel Variables.
[[0;32m  OK  [0m] Started Load/Save Random Seed.
[[0;32m  OK  [0m] Started udev Coldplug all Devices.
[[0;32m  OK  [0m] Started Monitoring of LVM2 mirrors,...ng dmeventd or progress polling.
         Starting udev Kernel Device Manager...
[[0;32m  OK  [0m] Started Flush Journal to Persistent Storage.
[[0;32m  OK  [0m] Started udev Kernel Device Manager.
[[0;32m  OK  [0m] Started Dispatch Password Requests to Console Directory Watch.
[[0;32m  OK  [0m] Reached target Local File Systems (Pre).
[[0;32m  OK  [0m] Reached target Local File Systems.
         Starting Set console font and keymap...
         Starting Create Volatile Files and Directories...
         Starting LSB: AppArmor initialization...
         Starting Tell Plymouth To Write Out Runtime Data...
[[0;32m  OK  [0m] Started Create Volatile Files and Directories.
[[0;32m  OK  [0m] Started Tell Plymouth To Write Out Runtime Data.
         Starting Update UTMP about System Boot/Shutdown...
[[0;32m  OK  [0m] Reached target System Time Synchronized.
[[0;32m  OK  [0m] Started Update UTMP about System Boot/Shutdown.
[[0;32m  OK  [0m] Found device /dev/ttyS0.
[[0;32m  OK  [0m] Found device 82540EM Gigabit Ethern...r (PRO/1000 MT Desktop Adapter).
[[0;32m  OK  [0m] Found device 82540EM Gigabit Ethern...r (PRO/1000 MT Desktop Adapter).
[[0;32m  OK  [0m] Started Set console font and keymap.
[[0;32m  OK  [0m] Created slice system-getty.slice.
[[0;32m  OK  [0m] Started LSB: AppArmor initialization.
[[0;32m  OK  [0m] Listening on Load/Save RF Kill Switch Status /dev/rfkill Watch.
[   21.729504] cloud-init[463]: Cloud-init v. 0.7.9 running 'init-local' at Mon, 08 Jan 2018 16:49:44 +0000. Up 21.08 seconds.
[[0;32m  OK  [0m] Started Initial cloud-init job (pre-networking).
[[0;32m  OK  [0m] Reached target Network (Pre).
         Starting Raise network interfaces...
[[0;32m  OK  [0m] Started ifup for enp0s3.
[[0;32m  OK  [0m] Started ifup for enp0s8.
[[0;32m  OK  [0m] Started Raise network interfaces.
         Starting Initial cloud-init job (metadata service crawler)...
[[0;32m  OK  [0m] Reached target Network.
[   23.726845] cloud-init[1060]: Cloud-init v. 0.7.9 running 'init' at Mon, 08 Jan 2018 16:49:46 +0000. Up 22.82 seconds.
[   23.782022] cloud-init[1060]: ci-info: +++++++++++++++++++++++++++++++++++++Net device info++++++++++++++++++++++++++++++++++++++
[   23.840235] cloud-init[1060]: ci-info: +--------+------+----------------------------+---------------+-------+-------------------+
[[0;32m  OK  [0m[   23.840536] ] cloud-initStarted Initial cloud-init job (metadata service crawler).[1060]: 
ci-info: | Device |  Up  |          Address           |      Mask     | Scope |     Hw-Address    |
[[   23.948165] cloud-init[1060]: ci-info: +--------+------+----------------------------+---------------+-------+-------------------+
[   23.949390] cloud-init[1060]: ci-info: | enp0s8 | True |      192.168.195.152       | 255.255.255.0 |   .   | 08:00:27:e6:05:71 |
[0;32m  OK  [0m] Reached target System Initialization.
[   23.950456] cloud-init[1060]: ci-info: | enp0s8 | True | fe80::a00:27ff:fee6:571/64 |       .       |  link | 08:00:27:e6:05:71 |
[[   24.030061] [0;32m  OK  [0mcloud-init] [1060]: Listening on D-Bus System Message Bus Socket.ci-info: | enp0s3 | True |         10.0.2.15          | 255.255.255.0 |   .   | 02:53:17:3c:de:80 |

[   24.030802] cloud-init[1060]: ci-info: | enp0s3 | True | fe80::53:17ff:fe3c:de80/64 |       .       |  link | 02:53:17:3c:de:80 |
[   24.169309] cloud-init[1060]: ci-info: |   lo   | True |         127.0.0.1          |   255.0.0.0   |   .   |         .         |
[   24.169797] cloud-init[1060]: ci-info: |   lo   | True |          ::1/128           |       .       |  host |         .         |
[[0;32m  OK  [0m] Started ACPI Events Check.
[[   24.170086] cloud-init[1060]: ci-info: +--------+------+----------------------------+---------------+-------+-------------------+
[   24.342121] cloud-init[1060]: ci-info: ++++++++++++++++++++++++++++Route IPv4 info+++++++++++++++++++++++++++++
[0;32m  OK  [0m] Reached target Paths.
[   24.342212] cloud-init[1060]: ci-info: +-------+---------------+----------+---------------+-----------+-------+
[   24.403200] cloud-init[1060]: ci-info: | Route |  Destination  | Gateway  |    Genmask    | Interface | Flags |
[[0;32m  OK  [0m] Started Daily Cleanup of Temporary Directories.
[   24.403632] cloud-init[1060]: ci-info: +-------+---------------+----------+---------------+-----------+-------+
[   24.513142] [cloud-init[0;32m  OK  [0m[1060]: ] ci-info: |   0   |    0.0.0.0    | 10.0.2.2 |    0.0.0.0    |   enp0s3  |   UG  |Started Timer to automatically refresh installed snaps.

         Starting Socket activation for snappy daemon.
[[0;32m  OK  [0m] Listening on ACPID Listen Socket.
[   24.514549] cloud-init[1060]: ci-info: |   1   |    10.0.2.0   | 0.0.0.0  | 255.255.255.0 |   enp0s3  |   U   |
[   24.635698] [cloud-init[0;32m  OK  [0m[1060]: ] ci-info: |   2   | 192.168.195.0 | 0.0.0.0  | 255.255.255.0 |   enp0s8  |   U   |Listening on UUID daemon activation socket.

[   24.636634] cloud-init[1060]: ci-info: +-------+---------------+----------+---------------+-----------+-------+
         Starting LXD - unix socket.
[[0;32m  OK  [0m] Reached target Cloud-config availability.
[[0;32m  OK  [0m] Reached target Network is Online.
         Starting iSCSI initiator daemon (iscsid)...
[[0;32m  OK  [0m] Started Daily apt download activities.
[[0;32m  OK  [0m] Started Daily apt upgrade and clean activities.
[[0;32m  OK  [0m] Reached target Timers.
[[0;32m  OK  [0m] Listening on Socket activation for snappy daemon.
[[0;32m  OK  [0m] Listening on LXD - unix socket.
[[0;32m  OK  [0m] Reached target Sockets.
[[0;32m  OK  [0m] Reached target Basic System.
[[0;32m  OK  [0m] Started Regular background program processing daemon.
         Starting LXD - container startup/shutdown...
[[0;32m  OK  [0m] Started FUSE filesystem for LXC.
[[0;32m  OK  [0m] Started D-Bus System Message Bus.
         Starting Login Service...
         Starting MySQL Community Server...
         Starting Accounts Service...
         Starting A high performance web server and a reverse proxy server...
         Starting The PHP 7.0 FastCGI Process Manager...
[[0;32m  OK  [0m] Started ACPI event daemon.
         Starting /etc/rc.local Compatibility...
         Starting LSB: MD monitoring daemon...
[[0;32m  OK  [0m] Started Deferred execution scheduler.
[[0;32m  OK  [0m] Started Unattended Upgrades Shutdown.
         Starting OpenBSD Secure Shell server...
         Starting System Logging Service...
         Starting Apply the settings specified in cloud-config...
         Starting LSB: Record successful boot for GRUB...
         Starting Snappy daemon...
[[0;32m  OK  [0m] Started iSCSI initiator daemon (iscsid).
[[0;32m  OK  [0m] Started /etc/rc.local Compatibility.
[[0;32m  OK  [0m] Started System Logging Service.
[[0;32m  OK  [0m] Started Login Service.
         Starting Authenticate and Authorize Users to Run Privileged Tasks...
         Starting Login to default iSCSI targets...
[[0;32m  OK  [0m] Started LSB: Record successful boot for GRUB.
[[0;32m  OK  [0m] Started LSB: MD monitoring daemon.
[[0;32m  OK  [0m] Started LXD - container startup/shutdown.
[[0;32m  OK  [0m] Started OpenBSD Secure Shell server.
[[0;32m  OK  [0m] Started Login to default iSCSI targets.
[[0;32m  OK  [0m] Started Authenticate and Authorize Users to Run Privileged Tasks.
[[0;32m  OK  [0m] Started Accounts Service.
[[0;32m  OK  [0m] Reached target Remote File Systems (Pre).
[[0;32m  OK  [0m] Reached target Remote File Systems.
         Starting Permit User Sessions...
         Starting LSB: VirtualBox Linux Additions...
         Starting LSB: daemon to balance interrupts for SMP systems...
         Starting LSB: Set the CPU Frequency Scaling governor to "ondemand"...
         Starting LSB: automatic crash report generation...
[[0;32m  OK  [0m] Started Permit User Sessions.
         Starting Hold until boot process finishes up...
         Starting Terminate Plymouth Boot Screen...
[[0;32m  OK  [0m] Started LSB: daemon to balance interrupts for SMP systems.
[[0;32m  OK  [0m] Started LSB: Set the CPU Frequency Scaling governor to "ondemand".
[[0;32m  OK  [0m] Started Hold until boot process finishes up.
[[0;32m  OK  [0m] Started Terminate Plymouth Boot Screen.
[[0;32m  OK  [0m] Started A high performance web server and a reverse proxy server.
[   27.632546] cloud-init[1176]: Cloud-init v. 0.7.9 running 'modules:config' at Mon, 08 Jan 2018 16:49:50 +0000. Up 27.06 seconds.
[[0;32m  OK  [0m] Started Getty on tty1.
[[0;32m  OK  [0m] Started Serial Getty on ttyS0.
[[0;32m  OK  [0m] Reached target Login Prompts.
         Starting Set console scheme...
[[0;32m  OK  [0m] Started Apply the settings specified in cloud-config.
[[0;32m  OK  [0m] Started LSB: VirtualBox Linux Additions.
[[0;32m  OK  [0m] Started LSB: automatic crash report generation.
[[0;32m  OK  [0m] Started Set console scheme.
[[0;32m  OK  [0m] Started Snappy daemon.
[[0;32m  OK  [0m] Created slice User Slice of ubuntu.
         Starting User Manager for UID 1000...
[[0;32m  OK  [0m] Started Session 1 of user ubuntu.
[[0;32m  OK  [0m] Started User Manager for UID 1000.
[[0;32m  OK  [0m] Started The PHP 7.0 FastCGI Process Manager.
[[0;32m  OK  [0m] Started MySQL Community Server.
[[0;32m  OK  [0m] Reached target Multi-User System.
[[0;32m  OK  [0m] Reached target Graphical Interface.
         Starting Update UTMP about System Runlevel Changes...
         Starting Execute cloud user/final scripts...
[[0;32m  OK  [0m] Started Update UTMP about System Runlevel Changes.
[   32.278321] cloud-init[1487]: Cloud-init v. 0.7.9 running 'modules:final' at Mon, 08 Jan 2018 16:49:55 +0000. Up 31.92 seconds.
[   32.331124] cloud-init[1487]: Cloud-init v. 0.7.9 finished at Mon, 08 Jan 2018 16:49:55 +0000. Datasource DataSourceNoCloud [seed=/dev/sdb][dsmode=net].  Up 32.25 seconds
[[0;32m  OK  [0m] Started Execute cloud user/final scripts.
[[0;32m  OK  [0m] Reached target Cloud-init target.

Ubuntu 16.04.3 LTS ubuntu-xenial ttyS0

ubuntu-xenial login: 